<?xml version="1.0" encoding="UTF-8"?>
<!-- Generated by org.testng.reporters.JUnitReportReporter -->
<testsuite hostname="LAPTOP-SK81EO6B" failures="0" tests="1" name="testcase.TestCollectionPage" time="0.011" errors="0" timestamp="2023-12-16T16:21:03 IST" skipped="0">
  <testcase classname="testcase.TestCollectionPage" name="header" time="0.011"/>
</testsuite> <!-- testcase.TestCollectionPage -->
