<?xml version="1.0" encoding="UTF-8"?>
<!-- Generated by org.testng.reporters.JUnitReportReporter -->
<testsuite hostname="DESKTOP-P6KQ8GT" failures="0" tests="1" name="testcase.HomePageBody_TC" time="3.369" errors="0" timestamp="2023-12-22T17:16:03 IST" skipped="0">
  <testcase classname="testcase.HomePageBody_TC" name="hpb" time="3.369"/>
</testsuite> <!-- testcase.HomePageBody_TC -->
