<?xml version="1.0" encoding="UTF-8"?>
<!-- Generated by org.testng.reporters.JUnitReportReporter -->
<testsuite hostname="DESKTOP-1EIV60U" failures="0" tests="1" name="testcase.HomePageBody_TC" time="4.655" errors="0" timestamp="2024-01-22T17:12:53 IST" skipped="0">
  <testcase classname="testcase.HomePageBody_TC" name="hpb" time="4.655"/>
  <system-out/>
</testsuite> <!-- testcase.HomePageBody_TC -->
