<?xml version="1.0" encoding="UTF-8"?>
<!-- Generated by org.testng.reporters.JUnitReportReporter -->
<testsuite hostname="DESKTOP-P6KQ8GT" failures="0" tests="1" name="testcase.Header_TC" time="2.138" errors="0" timestamp="2023-12-23T16:48:55 IST" skipped="0">
  <testcase classname="testcase.Header_TC" name="head" time="2.138"/>
</testsuite> <!-- testcase.Header_TC -->
