<?xml version="1.0" encoding="UTF-8"?>
<!-- Generated by org.testng.reporters.JUnitReportReporter -->
<testsuite hostname="LAPTOP-SK81EO6B" failures="0" tests="1" name="testcase.HomePageBody_TC" time="0.094" errors="0" timestamp="2024-03-04T18:00:21 IST" skipped="0">
  <testcase classname="testcase.HomePageBody_TC" name="hpb" time="0.094"/>
</testsuite> <!-- testcase.HomePageBody_TC -->
