<?xml version="1.0" encoding="UTF-8"?>
<!-- Generated by org.testng.reporters.JUnitReportReporter -->
<testsuite hostname="DESKTOP-P6KQ8GT" failures="0" tests="1" name="testcase.TestCollectionPage" time="0.013" errors="0" timestamp="2023-12-16T16:18:58 IST" skipped="0">
  <testcase classname="testcase.TestCollectionPage" name="header" time="0.013"/>
</testsuite> <!-- testcase.TestCollectionPage -->
